# JRE version: Java(TM) SE Runtime Environment (8.0_144-b01) (build 1.8.0_144-b01)
# Java VM: Java HotSpot(TM) 64-Bit Server VM (25.144-b01 mixed mode bsd-amd64 compressed oops)
Heap:
 PSYoungGen      total 59904K, used 10536K [0x0000000795580000, 0x000000079a100000, 0x00000007c0000000)
  eden space 45568K, 23% used [0x0000000795580000,0x0000000795fca3a8,0x0000000798200000)
  from space 14336K, 0% used [0x0000000799100000,0x0000000799100000,0x0000000799f00000)
  to   space 15360K, 0% used [0x0000000798200000,0x0000000798200000,0x0000000799100000)
 ParOldGen       total 52224K, used 8900K [0x0000000740000000, 0x0000000743300000, 0x0000000795580000)
  object space 52224K, 17% used [0x0000000740000000,0x00000007408b1198,0x0000000743300000)
 Metaspace       used 25596K, capacity 26100K, committed 26368K, reserved 1073152K
  class space    used 3150K, capacity 3277K, committed 3328K, reserved 1048576K
GC Heap History (10 events):
Event: 7478.380 GC heap before
{Heap before GC invocations=18 (full 1):
 PSYoungGen      total 34816K, used 30246K [0x0000000795580000, 0x0000000798600000, 0x00000007c0000000)
  eden space 25600K, 82% used [0x0000000795580000,0x0000000796a0b630,0x0000000796e80000)
  from space 9216K, 99% used [0x0000000797980000,0x000000079827e440,0x0000000798280000)
  to   space 11264K, 0% used [0x0000000796e80000,0x0000000796e80000,0x0000000797980000)
 ParOldGen       total 40448K, used 22347K [0x0000000740000000, 0x0000000742780000, 0x0000000795580000)
  object space 40448K, 55% used [0x0000000740000000,0x00000007415d2dd8,0x0000000742780000)
 Metaspace       used 25605K, capacity 26142K, committed 26368K, reserved 1073152K
  class space    used 3156K, capacity 3288K, committed 3328K, reserved 1048576K
Event: 7478.394 GC heap after
Heap after GC invocations=18 (full 1):
 PSYoungGen      total 36864K, used 8807K [0x0000000795580000, 0x0000000798f00000, 0x00000007c0000000)
  eden space 25600K, 0% used [0x0000000795580000,0x0000000795580000,0x0000000796e80000)
  from space 11264K, 78% used [0x0000000796e80000,0x0000000797719d00,0x0000000797980000)
  to   space 11776K, 0% used [0x0000000798380000,0x0000000798380000,0x0000000798f00000)
 ParOldGen       total 40448K, used 23747K [0x0000000740000000, 0x0000000742780000, 0x0000000795580000)
  object space 40448K, 58% used [0x0000000740000000,0x0000000741730f18,0x0000000742780000)
 Metaspace       used 25605K, capacity 26142K, committed 26368K, reserved 1073152K
  class space    used 3156K, capacity 3288K, committed 3328K, reserved 1048576K
}
Event: 7478.568 GC heap before
{Heap before GC invocations=19 (full 1):
 PSYoungGen      total 36864K, used 24865K [0x0000000795580000, 0x0000000798f00000, 0x00000007c0000000)
  eden space 25600K, 62% used [0x0000000795580000,0x000000079652e788,0x0000000796e80000)
  from space 11264K, 78% used [0x0000000796e80000,0x0000000797719d00,0x0000000797980000)
  to   space 11776K, 0% used [0x0000000798380000,0x0000000798380000,0x0000000798f00000)
 ParOldGen       total 40448K, used 23747K [0x0000000740000000, 0x0000000742780000, 0x0000000795580000)
  object space 40448K, 58% used [0x0000000740000000,0x0000000741730f18,0x0000000742780000)
 Metaspace       used 25618K, capacity 26142K, committed 26368K, reserved 1073152K
  class space    used 3156K, capacity 3288K, committed 3328K, reserved 1048576K
Event: 7478.579 GC heap after
Heap after GC invocations=19 (full 1):
 PSYoungGen      total 45568K, used 11505K [0x0000000795580000, 0x0000000799200000, 0x00000007c0000000)
  eden space 33792K, 0% used [0x0000000795580000,0x0000000795580000,0x0000000797680000)
  from space 11776K, 97% used [0x0000000798380000,0x0000000798ebc750,0x0000000798f00000)
  to   space 13312K, 0% used [0x0000000797680000,0x0000000797680000,0x0000000798380000)
 ParOldGen       total 40448K, used 30731K [0x0000000740000000, 0x0000000742780000, 0x0000000795580000)
  object space 40448K, 75% used [0x0000000740000000,0x0000000741e02ec8,0x0000000742780000)
 Metaspace       used 25618K, capacity 26142K, committed 26368K, reserved 1073152K
  class space    used 3156K, capacity 3288K, committed 3328K, reserved 1048576K
}
Event: 8191.526 GC heap before
{Heap before GC invocations=20 (full 1):
 PSYoungGen      total 45568K, used 42941K [0x0000000795580000, 0x0000000799200000, 0x00000007c0000000)
  eden space 33792K, 93% used [0x0000000795580000,0x0000000797432e08,0x0000000797680000)
  from space 11776K, 97% used [0x0000000798380000,0x0000000798ebc750,0x0000000798f00000)
  to   space 13312K, 0% used [0x0000000797680000,0x0000000797680000,0x0000000798380000)
 ParOldGen       total 40448K, used 30731K [0x0000000740000000, 0x0000000742780000, 0x0000000795580000)
  object space 40448K, 75% used [0x0000000740000000,0x0000000741e02ec8,0x0000000742780000)
 Metaspace       used 25621K, capacity 26142K, committed 26368K, reserved 1073152K
  class space    used 3156K, capacity 3288K, committed 3328K, reserved 1048576K
Event: 8191.540 GC heap after
Heap after GC invocations=20 (full 1):
 PSYoungGen      total 47104K, used 12471K [0x0000000795580000, 0x0000000799f00000, 0x00000007c0000000)
  eden space 33792K, 0% used [0x0000000795580000,0x0000000795580000,0x0000000797680000)
  from space 13312K, 93% used [0x0000000797680000,0x00000007982adf68,0x0000000798380000)
  to   space 14336K, 0% used [0x0000000799100000,0x0000000799100000,0x0000000799f00000)
 ParOldGen       total 40448K, used 30835K [0x0000000740000000, 0x0000000742780000, 0x0000000795580000)
  object space 40448K, 76% used [0x0000000740000000,0x0000000741e1cec8,0x0000000742780000)
 Metaspace       used 25621K, capacity 26142K, committed 26368K, reserved 1073152K
  class space    used 3156K, capacity 3288K, committed 3328K, reserved 1048576K
}
Event: 10575.465 GC heap before
{Heap before GC invocations=21 (full 1):
 PSYoungGen      total 47104K, used 44564K [0x0000000795580000, 0x0000000799f00000, 0x00000007c0000000)
  eden space 33792K, 94% used [0x0000000795580000,0x00000007974d7298,0x0000000797680000)
  from space 13312K, 93% used [0x0000000797680000,0x00000007982adf68,0x0000000798380000)
  to   space 14336K, 0% used [0x0000000799100000,0x0000000799100000,0x0000000799f00000)
 ParOldGen       total 40448K, used 30835K [0x0000000740000000, 0x0000000742780000, 0x0000000795580000)
  object space 40448K, 76% used [0x0000000740000000,0x0000000741e1cec8,0x0000000742780000)
 Metaspace       used 25622K, capacity 26142K, committed 26368K, reserved 1073152K
  class space    used 3156K, capacity 3288K, committed 3328K, reserved 1048576K
Event: 10575.486 GC heap after
Heap after GC invocations=21 (full 1):
 PSYoungGen      total 59904K, used 11354K [0x0000000795580000, 0x000000079a100000, 0x00000007c0000000)
  eden space 45568K, 0% used [0x0000000795580000,0x0000000795580000,0x0000000798200000)
  from space 14336K, 79% used [0x0000000799100000,0x0000000799c168c8,0x0000000799f00000)
  to   space 15360K, 0% used [0x0000000798200000,0x0000000798200000,0x0000000799100000)
 ParOldGen       total 40448K, used 37779K [0x0000000740000000, 0x0000000742780000, 0x0000000795580000)
  object space 40448K, 93% used [0x0000000740000000,0x00000007424e4e78,0x0000000742780000)
 Metaspace       used 25622K, capacity 26142K, committed 26368K, reserved 1073152K
  class space    used 3156K, capacity 3288K, committed 3328K, reserved 1048576K
}
Event: 10575.486 GC heap before
{Heap before GC invocations=22 (full 2):
 PSYoungGen      total 59904K, used 11354K [0x0000000795580000, 0x000000079a100000, 0x00000007c0000000)
  eden space 45568K, 0% used [0x0000000795580000,0x0000000795580000,0x0000000798200000)
  from space 14336K, 79% used [0x0000000799100000,0x0000000799c168c8,0x0000000799f00000)
  to   space 15360K, 0% used [0x0000000798200000,0x0000000798200000,0x0000000799100000)
 ParOldGen       total 40448K, used 37779K [0x0000000740000000, 0x0000000742780000, 0x0000000795580000)
  object space 40448K, 93% used [0x0000000740000000,0x00000007424e4e78,0x0000000742780000)
 Metaspace       used 25622K, capacity 26142K, committed 26368K, reserved 1073152K
  class space    used 3156K, capacity 3288K, committed 3328K, reserved 1048576K
Event: 10575.533 GC heap after
Heap after GC invocations=22 (full 2):
 PSYoungGen      total 59904K, used 0K [0x0000000795580000, 0x000000079a100000, 0x00000007c0000000)
  eden space 45568K, 0% used [0x0000000795580000,0x0000000795580000,0x0000000798200000)
  from space 14336K, 0% used [0x0000000799100000,0x0000000799100000,0x0000000799f00000)
  to   space 15360K, 0% used [0x0000000798200000,0x0000000798200000,0x0000000799100000)
 ParOldGen       total 52224K, used 8900K [0x0000000740000000, 0x0000000743300000, 0x0000000795580000)
  object space 52224K, 17% used [0x0000000740000000,0x00000007408b1198,0x0000000743300000)
 Metaspace       used 25595K, capacity 26100K, committed 26368K, reserved 1073152K
  class space    used 3150K, capacity 3277K, committed 3328K, reserved 1048576K
}

